------
2019-04-06T18:31:18 INFO ZServer HTTP server started at Sat Apr  6 18:31:18 2019
	Hostname: 0.0.0.0
	Port: 8080
------
2019-04-06T18:31:22 INFO Marshall libxml2-python not available. Unable to register libxml2 based marshallers, at least SimpleXMLMarshaller
------
2019-04-06T18:31:29 INFO Plone Python does not have SSL support. OpenID support not available
------
2019-04-06T18:31:38 INFO Zope Ready to handle requests
------
2019-04-06T18:37:26 INFO ZServer HTTP server started at Sat Apr  6 18:37:26 2019
	Hostname: 0.0.0.0
	Port: 8080
------
2019-04-06T18:37:30 INFO Marshall libxml2-python not available. Unable to register libxml2 based marshallers, at least SimpleXMLMarshaller
------
2019-04-06T18:37:37 INFO Plone Python does not have SSL support. OpenID support not available
------
2019-04-06T18:37:45 INFO Zope Ready to handle requests
------
2019-04-06T18:39:15 INFO ZServer HTTP server started at Sat Apr  6 18:39:15 2019
	Hostname: 0.0.0.0
	Port: 8080
------
2019-04-06T18:39:20 INFO Marshall libxml2-python not available. Unable to register libxml2 based marshallers, at least SimpleXMLMarshaller
------
2019-04-06T18:39:27 INFO Plone Python does not have SSL support. OpenID support not available
------
2019-04-06T18:39:35 INFO Zope Ready to handle requests
